<?xml version="1.0" encoding="UTF-8"?>
<!-- Generated by org.testng.reporters.JUnitReportReporter -->
<testsuite hostname="DESKTOP-E2ICRIA" name="TC1" tests="1" failures="0" timestamp="27 Aug 2019 07:46:53 GMT" time="5.742" errors="0">
  <testcase name="m1" time="5.742" classname="TC1"/>
</testsuite> <!-- TC1 -->
