<?xml version="1.0" encoding="UTF-8"?>
<!-- Generated by org.testng.reporters.JUnitReportReporter -->
<testsuite skipped="0" hostname="DESKTOP-E2ICRIA" name="TC1" tests="1" failures="0" timestamp="27 Aug 2019 09:50:29 GMT" time="6.042" errors="0">
  <testcase name="m1" time="6.042" classname="TC1"/>
</testsuite> <!-- TC1 -->
